Arguments: 
  /Users/silvandiepen/.nvm/versions/node/v8.9.4/bin/node /Users/silvandiepen/.nvm/versions/node/v8.9.4/bin/yarn upgrade webpack-dev-server@^2.11.1

PATH: 
  /Users/silvandiepen/.nvm/versions/node/v8.9.4/bin:/usr/local/bin:/usr/bin:/bin:/usr/sbin:/sbin:/opt/X11/bin:/Users/silvandiepen/.composer/vendor/bin

Yarn version: 
  1.5.1

Node version: 
  8.9.4

Platform: 
  darwin x64

npm manifest: 
  {
  	"name": "svd-style",
  	"version": "1.5.4",
  	"description": "Style for SVD projects",
  	"main": "index.scss",
  	"scripts": {
  		"start": "rm -rf dist && webpack --config webpack.config.js --watch",
  		"test": "grunt test",
  		"settings": "node scripts/json-to-css.js",
  		"dev": "npm run settings && npm run start --w",
  		"build": "npm run settings && rm -rf dist && webpack --config webpack.config.js",
  		"prepublishOnly": "npm run build",
  		"start:dev": "webpack-dev-server"
  	},
  	"repository": {
  		"type": "git",
  		"url": "git+https://github.com/silvandiepen/svd-style.git"
  	},
  	"keywords": [
  		"style",
  		"assets",
  		"digital",
  		"styleguide"
  	],
  	"author": "Sil van Diepen",
  	"license": "ISC",
  	"bugs": {
  		"url": "https://github.com/silvandiepen/svd-style/issues"
  	},
  	"homepage": "https://github.com/silvandiepen/svd-style#readme",
  	"devDependencies": {
  		"autoprefixer": "^8.0.0",
  		"babel-core": "^6.26.0",
  		"babel-loader": "^7.1.3",
  		"babel-preset-env": "^1.6.1",
  		"color-convert": "^1.9.1",
  		"copy-webpack-plugin": "^4.4.1",
  		"css-loader": "^0.28.10",
  		"extract-loader": "^1.0.2",
  		"extract-text-webpack-plugin": "^3.0.2",
  		"file-loader": "^1.1.11",
  		"flat": "^4.0.0",
  		"grunt": "^1.0.2",
  		"html-loader": "^0.5.5",
  		"modern-normalize": "^0.4.0",
  		"node-sass": "^4.8.3",
  		"postcss": "^6.0.19",
  		"postcss-loader": "^2.1.1",
  		"pug-html-loader": "^1.1.5",
  		"raw-loader": "^0.5.1",
  		"sass-loader": "^6.0.6",
  		"style-loader": "^0.20.3",
  		"webfonts-loader": "^4.0.1",
  		"webpack": "^3.11.0",
  		"webpack-cli": "^2.0.13",
  		"webpack-dev-server": "^3.1.1"
  	}
  }

yarn manifest: 
  No manifest

Lockfile: 
  No lockfile

Trace: 
  Error: No lockfile in this directory. Run `yarn install` to generate one.
      at new MessageError (/Users/silvandiepen/.nvm/versions/node/v8.9.4/lib/node_modules/yarn/lib/cli.js:186:110)
      at /Users/silvandiepen/.nvm/versions/node/v8.9.4/lib/node_modules/yarn/lib/cli.js:89389:13
      at <anonymous>
